2023-10-03 14:29:11 INFO ====== WebDriver manager ======
2023-10-03 14:29:11 INFO Get LATEST chromedriver version for google-chrome
2023-10-03 14:29:11 INFO Get LATEST chromedriver version for google-chrome
2023-10-03 14:29:11 INFO There is no [win64] chromedriver "117.0.5938.92" for browser google-chrome "117.0.5938.92" in cache
2023-10-03 14:29:11 INFO Get LATEST chromedriver version for google-chrome
2023-10-03 14:29:11 INFO WebDriver version 117.0.5938.92 selected
2023-10-03 14:29:11 INFO Modern chrome version https://edgedl.me.gvt1.com/edgedl/chrome/chrome-for-testing/117.0.5938.92/win32/chromedriver-win32.zip
2023-10-03 14:29:11 INFO About to download new driver from https://edgedl.me.gvt1.com/edgedl/chrome/chrome-for-testing/117.0.5938.92/win32/chromedriver-win32.zip
2023-10-03 14:29:12 INFO Driver downloading response is 200
2023-10-03 14:29:13 INFO Get LATEST chromedriver version for google-chrome
2023-10-03 14:29:13 INFO Driver has been saved in cache [C:\Users\Дмитрий\.wdm\drivers\chromedriver\win64\117.0.5938.92]
2023-10-03 14:29:14 INFO Test1 Starting
2023-10-03 14:29:16 INFO Test2 Starting
2023-10-03 14:29:17 INFO Test2.1 Starting
2023-10-03 14:29:28 ERROR Find element exeption
Traceback (most recent call last):
  File "C:\GeekBrains\autotesting_web_python\web_autotest_python\hw4\BaseApp.py", line 15, in find_element
    element = WebDriverWait(self.driver, time).until(EC.presence_of_element_located(locator),
  File "C:\GeekBrains\autotesting_web_python\lib\site-packages\selenium\webdriver\support\wait.py", line 95, in until
    raise TimeoutException(message, screen, stacktrace)
selenium.common.exceptions.TimeoutException: Message: Can't find element by locator ('xpath', '//*[@id="login"]/div[1]/label/input')
Stacktrace:
	GetHandleVerifier [0x0114CEB3+45171]
	(No symbol) [0x010D9101]
	(No symbol) [0x00FCBE1D]
	(No symbol) [0x00FFED40]
	(No symbol) [0x00FFF20B]
	(No symbol) [0x0102F692]
	(No symbol) [0x0101B094]
	(No symbol) [0x0102DCFA]
	(No symbol) [0x0101AE46]
	(No symbol) [0x00FF675E]
	(No symbol) [0x00FF78FD]
	GetHandleVerifier [0x014054B9+2897529]
	GetHandleVerifier [0x0144DC6B+3194411]
	GetHandleVerifier [0x01447A41+3169281]
	GetHandleVerifier [0x011D6130+606960]
	(No symbol) [0x010E2E7C]
	(No symbol) [0x010DF008]
	(No symbol) [0x010DF12F]
	(No symbol) [0x010D1827]
	BaseThreadInitThunk [0x7726FCC9+25]
	RtlGetAppContainerNamedObjectPath [0x779C7B1E+286]
	RtlGetAppContainerNamedObjectPath [0x779C7AEE+238]

2023-10-03 14:29:28 ERROR Element ('xpath', '//*[@id="login"]/div[1]/label/input') not found
2023-10-03 14:29:38 ERROR Find element exeption
Traceback (most recent call last):
  File "C:\GeekBrains\autotesting_web_python\web_autotest_python\hw4\BaseApp.py", line 15, in find_element
    element = WebDriverWait(self.driver, time).until(EC.presence_of_element_located(locator),
  File "C:\GeekBrains\autotesting_web_python\lib\site-packages\selenium\webdriver\support\wait.py", line 95, in until
    raise TimeoutException(message, screen, stacktrace)
selenium.common.exceptions.TimeoutException: Message: Can't find element by locator ('xpath', '//*[@id="login"]/div[2]/label/input')
Stacktrace:
	GetHandleVerifier [0x0114CEB3+45171]
	(No symbol) [0x010D9101]
	(No symbol) [0x00FCBE1D]
	(No symbol) [0x00FFED40]
	(No symbol) [0x00FFF20B]
	(No symbol) [0x0102F692]
	(No symbol) [0x0101B094]
	(No symbol) [0x0102DCFA]
	(No symbol) [0x0101AE46]
	(No symbol) [0x00FF675E]
	(No symbol) [0x00FF78FD]
	GetHandleVerifier [0x014054B9+2897529]
	GetHandleVerifier [0x0144DC6B+3194411]
	GetHandleVerifier [0x01447A41+3169281]
	GetHandleVerifier [0x011D6130+606960]
	(No symbol) [0x010E2E7C]
	(No symbol) [0x010DF008]
	(No symbol) [0x010DF12F]
	(No symbol) [0x010D1827]
	BaseThreadInitThunk [0x7726FCC9+25]
	RtlGetAppContainerNamedObjectPath [0x779C7B1E+286]
	RtlGetAppContainerNamedObjectPath [0x779C7AEE+238]

2023-10-03 14:29:38 ERROR Element ('xpath', '//*[@id="login"]/div[2]/label/input') not found
2023-10-03 14:29:49 ERROR Find element exeption
Traceback (most recent call last):
  File "C:\GeekBrains\autotesting_web_python\web_autotest_python\hw4\BaseApp.py", line 15, in find_element
    element = WebDriverWait(self.driver, time).until(EC.presence_of_element_located(locator),
  File "C:\GeekBrains\autotesting_web_python\lib\site-packages\selenium\webdriver\support\wait.py", line 95, in until
    raise TimeoutException(message, screen, stacktrace)
selenium.common.exceptions.TimeoutException: Message: Can't find element by locator ('css selector', '.material-icons.mdc-icon-button.mdc-icon-button--display-flex')
Stacktrace:
	GetHandleVerifier [0x0114CEB3+45171]
	(No symbol) [0x010D9101]
	(No symbol) [0x00FCBE1D]
	(No symbol) [0x00FFED40]
	(No symbol) [0x00FFF20B]
	(No symbol) [0x0102F692]
	(No symbol) [0x0101B094]
	(No symbol) [0x0102DCFA]
	(No symbol) [0x0101AE46]
	(No symbol) [0x00FF675E]
	(No symbol) [0x00FF78FD]
	GetHandleVerifier [0x014054B9+2897529]
	GetHandleVerifier [0x0144DC6B+3194411]
	GetHandleVerifier [0x01447A41+3169281]
	GetHandleVerifier [0x011D6130+606960]
	(No symbol) [0x010E2E7C]
	(No symbol) [0x010DF008]
	(No symbol) [0x010DF12F]
	(No symbol) [0x010D1827]
	BaseThreadInitThunk [0x7726FCC9+25]
	RtlGetAppContainerNamedObjectPath [0x779C7B1E+286]
	RtlGetAppContainerNamedObjectPath [0x779C7AEE+238]

2023-10-03 14:29:53 INFO Test3 Starting
2023-10-03 14:30:04 ERROR Find element exeption
Traceback (most recent call last):
  File "C:\GeekBrains\autotesting_web_python\web_autotest_python\hw4\BaseApp.py", line 15, in find_element
    element = WebDriverWait(self.driver, time).until(EC.presence_of_element_located(locator),
  File "C:\GeekBrains\autotesting_web_python\lib\site-packages\selenium\webdriver\support\wait.py", line 95, in until
    raise TimeoutException(message, screen, stacktrace)
selenium.common.exceptions.TimeoutException: Message: Can't find element by locator ('xpath', '//*[@id="login"]/div[1]/label/input')
Stacktrace:
	GetHandleVerifier [0x0114CEB3+45171]
	(No symbol) [0x010D9101]
	(No symbol) [0x00FCBE1D]
	(No symbol) [0x00FFED40]
	(No symbol) [0x00FFF20B]
	(No symbol) [0x0102F692]
	(No symbol) [0x0101B094]
	(No symbol) [0x0102DCFA]
	(No symbol) [0x0101AE46]
	(No symbol) [0x00FF675E]
	(No symbol) [0x00FF78FD]
	GetHandleVerifier [0x014054B9+2897529]
	GetHandleVerifier [0x0144DC6B+3194411]
	GetHandleVerifier [0x01447A41+3169281]
	GetHandleVerifier [0x011D6130+606960]
	(No symbol) [0x010E2E7C]
	(No symbol) [0x010DF008]
	(No symbol) [0x010DF12F]
	(No symbol) [0x010D1827]
	BaseThreadInitThunk [0x7726FCC9+25]
	RtlGetAppContainerNamedObjectPath [0x779C7B1E+286]
	RtlGetAppContainerNamedObjectPath [0x779C7AEE+238]

2023-10-03 14:30:04 ERROR Element ('xpath', '//*[@id="login"]/div[1]/label/input') not found
2023-10-03 14:30:14 ERROR Find element exeption
Traceback (most recent call last):
  File "C:\GeekBrains\autotesting_web_python\web_autotest_python\hw4\BaseApp.py", line 15, in find_element
    element = WebDriverWait(self.driver, time).until(EC.presence_of_element_located(locator),
  File "C:\GeekBrains\autotesting_web_python\lib\site-packages\selenium\webdriver\support\wait.py", line 95, in until
    raise TimeoutException(message, screen, stacktrace)
selenium.common.exceptions.TimeoutException: Message: Can't find element by locator ('xpath', '//*[@id="login"]/div[2]/label/input')
Stacktrace:
	GetHandleVerifier [0x0114CEB3+45171]
	(No symbol) [0x010D9101]
	(No symbol) [0x00FCBE1D]
	(No symbol) [0x00FFED40]
	(No symbol) [0x00FFF20B]
	(No symbol) [0x0102F692]
	(No symbol) [0x0101B094]
	(No symbol) [0x0102DCFA]
	(No symbol) [0x0101AE46]
	(No symbol) [0x00FF675E]
	(No symbol) [0x00FF78FD]
	GetHandleVerifier [0x014054B9+2897529]
	GetHandleVerifier [0x0144DC6B+3194411]
	GetHandleVerifier [0x01447A41+3169281]
	GetHandleVerifier [0x011D6130+606960]
	(No symbol) [0x010E2E7C]
	(No symbol) [0x010DF008]
	(No symbol) [0x010DF12F]
	(No symbol) [0x010D1827]
	BaseThreadInitThunk [0x7726FCC9+25]
	RtlGetAppContainerNamedObjectPath [0x779C7B1E+286]
	RtlGetAppContainerNamedObjectPath [0x779C7AEE+238]

2023-10-03 14:30:14 ERROR Element ('xpath', '//*[@id="login"]/div[2]/label/input') not found
2023-10-03 14:30:24 ERROR Find element exeption
Traceback (most recent call last):
  File "C:\GeekBrains\autotesting_web_python\web_autotest_python\hw4\BaseApp.py", line 15, in find_element
    element = WebDriverWait(self.driver, time).until(EC.presence_of_element_located(locator),
  File "C:\GeekBrains\autotesting_web_python\lib\site-packages\selenium\webdriver\support\wait.py", line 95, in until
    raise TimeoutException(message, screen, stacktrace)
selenium.common.exceptions.TimeoutException: Message: Can't find element by locator ('css selector', '.material-icons.mdc-icon-button.mdc-icon-button--display-flex')
Stacktrace:
	GetHandleVerifier [0x0114CEB3+45171]
	(No symbol) [0x010D9101]
	(No symbol) [0x00FCBE1D]
	(No symbol) [0x00FFED40]
	(No symbol) [0x00FFF20B]
	(No symbol) [0x0102F692]
	(No symbol) [0x0101B094]
	(No symbol) [0x0102DCFA]
	(No symbol) [0x0101AE46]
	(No symbol) [0x00FF675E]
	(No symbol) [0x00FF78FD]
	GetHandleVerifier [0x014054B9+2897529]
	GetHandleVerifier [0x0144DC6B+3194411]
	GetHandleVerifier [0x01447A41+3169281]
	GetHandleVerifier [0x011D6130+606960]
	(No symbol) [0x010E2E7C]
	(No symbol) [0x010DF008]
	(No symbol) [0x010DF12F]
	(No symbol) [0x010D1827]
	BaseThreadInitThunk [0x7726FCC9+25]
	RtlGetAppContainerNamedObjectPath [0x779C7B1E+286]
	RtlGetAppContainerNamedObjectPath [0x779C7AEE+238]

2023-10-03 14:30:27 INFO Test create post starting
2023-10-03 14:30:29 INFO Test check post starting